[INFO] Scanning for projects...
[INFO] 
[INFO] ------------------< com.comunired:comunired-backend >-------------------
[INFO] Building comunired-backend 0.0.1-SNAPSHOT
[INFO]   from pom.xml
[INFO] --------------------------------[ jar ]---------------------------------
[INFO] 
[INFO] >>> spring-boot:3.5.5:run (default-cli) > test-compile @ comunired-backend >>>
[INFO] 
[INFO] --- resources:3.3.1:resources (default-resources) @ comunired-backend ---
[INFO] Copying 3 resources from src\main\resources to target\classes
[INFO] Copying 7 resources from src\main\resources to target\classes
[INFO] 
[INFO] --- compiler:3.11.0:compile (default-compile) @ comunired-backend ---
[INFO] Compiling 3 source files with javac [debug release 21] to target\classes
[INFO] 
[INFO] --- resources:3.3.1:testResources (default-testResources) @ comunired-backend ---
[INFO] skip non existing resourceDirectory C:\Users\HP\Desktop\sloan\ComuniRed_Backend\comunired-backend\src\test\resources
[INFO] 
[INFO] --- compiler:3.11.0:testCompile (default-testCompile) @ comunired-backend ---
[INFO] Nothing to compile - all classes are up to date
[INFO] 
[INFO] <<< spring-boot:3.5.5:run (default-cli) < test-compile @ comunired-backend <<<
[INFO] 
[INFO] 
[INFO] --- spring-boot:3.5.5:run (default-cli) @ comunired-backend ---
[INFO] Attaching agents: []

  .   ____          _            __ _ _
 /\\ / ___'_ __ _ _(_)_ __  __ _ \ \ \ \
( ( )\___ | '_ | '_| | '_ \/ _` | \ \ \ \
 \\/  ___)| |_)| | | | | || (_| |  ) ) ) )
  '  |____| .__|_| |_|_| |_\__, | / / / /
 =========|_|==============|___/=/_/_/_/

 :: Spring Boot ::                (v3.5.5)

2026-05-16T03:12:06.342-05:00  INFO 16028 --- [comunired-backend] [           main] c.comunired.ComuniredBackendApplication  : Starting ComuniredBackendApplication using Java 21.0.7 with PID 16028 (C:\Users\HP\Desktop\sloan\ComuniRed_Backend\comunired-backend\target\classes started by HP in C:\Users\HP\Desktop\sloan\ComuniRed_Backend\comunired-backend)
2026-05-16T03:12:06.345-05:00  INFO 16028 --- [comunired-backend] [           main] c.comunired.ComuniredBackendApplication  : The following 1 profile is active: "dev"
2026-05-16T03:12:07.848-05:00  INFO 16028 --- [comunired-backend] [           main] .s.d.r.c.RepositoryConfigurationDelegate : Bootstrapping Spring Data MongoDB repositories in DEFAULT mode.
2026-05-16T03:12:08.256-05:00  INFO 16028 --- [comunired-backend] [           main] .s.d.r.c.RepositoryConfigurationDelegate : Finished Spring Data repository scanning in 395 ms. Found 18 MongoDB repository interfaces.
2026-05-16T03:12:08.951-05:00  INFO 16028 --- [comunired-backend] [           main] o.s.b.w.embedded.tomcat.TomcatWebServer  : Tomcat initialized with port 8080 (http)
2026-05-16T03:12:08.969-05:00  INFO 16028 --- [comunired-backend] [           main] o.apache.catalina.core.StandardService   : Starting service [Tomcat]
2026-05-16T03:12:08.969-05:00  INFO 16028 --- [comunired-backend] [           main] o.apache.catalina.core.StandardEngine    : Starting Servlet engine: [Apache Tomcat/10.1.44]
2026-05-16T03:12:09.089-05:00  INFO 16028 --- [comunired-backend] [           main] o.a.c.c.C.[Tomcat].[localhost].[/]       : Initializing Spring embedded WebApplicationContext
2026-05-16T03:12:09.090-05:00  INFO 16028 --- [comunired-backend] [           main] w.s.c.ServletWebServerApplicationContext : Root WebApplicationContext: initialization completed in 2685 ms
2026-05-16T03:12:09.446-05:00  INFO 16028 --- [comunired-backend] [           main] org.mongodb.driver.client                : MongoClient with metadata {"application": {"name": "Cluster0"}, "driver": {"name": "mongo-java-driver|sync|spring-boot", "version": "5.5.1"}, "os": {"type": "Windows", "name": "Windows 11", "architecture": "amd64", "version": "10.0"}, "platform": "Java/Oracle Corporation/21.0.7+8-LTS-245"} created with settings MongoClientSettings{readPreference=primary, writeConcern=WriteConcern{w=null, wTimeout=null ms, journal=null}, retryWrites=true, retryReads=true, readConcern=ReadConcern{level=null}, credential=MongoCredential{mechanism=null, userName='dominid', source='admin', password=<hidden>, mechanismProperties=<hidden>}, transportSettings=null, commandListeners=[], codecRegistry=ProvidersCodecRegistry{codecProviders=[ValueCodecProvider{}, BsonValueCodecProvider{}, DBRefCodecProvider{}, DBObjectCodecProvider{}, DocumentCodecProvider{}, CollectionCodecProvider{}, IterableCodecProvider{}, MapCodecProvider{}, GeoJsonCodecProvider{}, GridFSFileCodecProvider{}, Jsr310CodecProvider{}, JsonObjectCodecProvider{}, BsonCodecProvider{}, EnumCodecProvider{}, com.mongodb.client.model.mql.ExpressionCodecProvider@138f0661, com.mongodb.Jep395RecordCodecProvider@212fafd1, com.mongodb.KotlinCodecProvider@448462f0]}, loggerSettings=LoggerSettings{maxDocumentLength=1000}, clusterSettings={hosts=[127.0.0.1:27017], srvHost=cluster0.iihdu.mongodb.net, srvServiceName=mongodb, mode=MULTIPLE, requiredClusterType=REPLICA_SET, requiredReplicaSetName='atlas-o8697h-shard-0', serverSelector='null', clusterListeners='[]', serverSelectionTimeout='30000 ms', localThreshold='15 ms'}, socketSettings=SocketSettings{connectTimeoutMS=10000, readTimeoutMS=0, receiveBufferSize=0, proxySettings=ProxySettings{host=null, port=null, username=null, password=null}}, heartbeatSocketSettings=SocketSettings{connectTimeoutMS=10000, readTimeoutMS=10000, receiveBufferSize=0, proxySettings=ProxySettings{host=null, port=null, username=null, password=null}}, connectionPoolSettings=ConnectionPoolSettings{maxSize=100, minSize=0, maxWaitTimeMS=120000, maxConnectionLifeTimeMS=0, maxConnectionIdleTimeMS=0, maintenanceInitialDelayMS=0, maintenanceFrequencyMS=60000, connectionPoolListeners=[], maxConnecting=2}, serverSettings=ServerSettings{heartbeatFrequencyMS=10000, minHeartbeatFrequencyMS=500, serverMonitoringMode=AUTO, serverListeners='[]', serverMonitorListeners='[]'}, sslSettings=SslSettings{enabled=true, invalidHostNameAllowed=false, context=null}, applicationName='Cluster0', compressorList=[], uuidRepresentation=JAVA_LEGACY, serverApi=null, autoEncryptionSettings=null, dnsClient=null, inetAddressResolver=null, contextProvider=null, timeoutMS=null}
2026-05-16T03:12:09.468-05:00  INFO 16028 --- [comunired-backend] [hdu.mongodb.net] org.mongodb.driver.cluster               : Adding discovered server cluster0-shard-00-00.iihdu.mongodb.net:27017 to client view of cluster
2026-05-16T03:12:09.504-05:00  INFO 16028 --- [comunired-backend] [hdu.mongodb.net] org.mongodb.driver.cluster               : Adding discovered server cluster0-shard-00-01.iihdu.mongodb.net:27017 to client view of cluster
2026-05-16T03:12:09.507-05:00  INFO 16028 --- [comunired-backend] [hdu.mongodb.net] org.mongodb.driver.cluster               : Adding discovered server cluster0-shard-00-02.iihdu.mongodb.net:27017 to client view of cluster
2026-05-16T03:12:10.554-05:00  INFO 16028 --- [comunired-backend] [ngodb.net:27017] org.mongodb.driver.cluster               : Monitor thread successfully connected to server with description ServerDescription{address=cluster0-shard-00-01.iihdu.mongodb.net:27017, type=REPLICA_SET_PRIMARY, cryptd=false, state=CONNECTED, ok=true, minWireVersion=0, maxWireVersion=25, maxDocumentSize=16777216, logicalSessionTimeoutMinutes=30, roundTripTimeNanos=468755700, minRoundTripTimeNanos=0, setName='atlas-o8697h-shard-0', canonicalAddress=cluster0-shard-00-01.iihdu.mongodb.net:27017, hosts=[cluster0-shard-00-00.iihdu.mongodb.net:27017, cluster0-shard-00-01.iihdu.mongodb.net:27017, cluster0-shard-00-02.iihdu.mongodb.net:27017], passives=[], arbiters=[], primary='cluster0-shard-00-01.iihdu.mongodb.net:27017', tagSet=TagSet{[Tag{name='availabilityZone', value='sae1-az3'}, Tag{name='cacheState', value='READY'}, Tag{name='diskState', value='READY'}, Tag{name='nodeType', value='ELECTABLE'}, Tag{name='provider', value='AWS'}, Tag{name='region', value='SA_EAST_1'}, Tag{name='workloadType', value='OPERATIONAL'}]}, electionId=7fffffff000000000000009c, setVersion=31, topologyVersion=TopologyVersion{processId=69ff7ba3bef25603b2e5e453, counter=6}, lastWriteDate=Sat May 16 03:12:10 PET 2026, lastUpdateTimeNanos=196770312758000}
2026-05-16T03:12:10.554-05:00  INFO 16028 --- [comunired-backend] [ngodb.net:27017] org.mongodb.driver.cluster               : Monitor thread successfully connected to server with description ServerDescription{address=cluster0-shard-00-02.iihdu.mongodb.net:27017, type=REPLICA_SET_SECONDARY, cryptd=false, state=CONNECTED, ok=true, minWireVersion=0, maxWireVersion=25, maxDocumentSize=16777216, logicalSessionTimeoutMinutes=30, roundTripTimeNanos=462814600, minRoundTripTimeNanos=0, setName='atlas-o8697h-shard-0', canonicalAddress=cluster0-shard-00-02.iihdu.mongodb.net:27017, hosts=[cluster0-shard-00-00.iihdu.mongodb.net:27017, cluster0-shard-00-01.iihdu.mongodb.net:27017, cluster0-shard-00-02.iihdu.mongodb.net:27017], passives=[], arbiters=[], primary='cluster0-shard-00-01.iihdu.mongodb.net:27017', tagSet=TagSet{[Tag{name='availabilityZone', value='sae1-az2'}, Tag{name='cacheState', value='READY'}, Tag{name='diskState', value='READY'}, Tag{name='nodeType', value='ELECTABLE'}, Tag{name='provider', value='AWS'}, Tag{name='region', value='SA_EAST_1'}, Tag{name='workloadType', value='OPERATIONAL'}]}, electionId=null, setVersion=31, topologyVersion=TopologyVersion{processId=69ff7db56c0d2797c48c2d21, counter=3}, lastWriteDate=Sat May 16 03:12:10 PET 2026, lastUpdateTimeNanos=196770312758000}
2026-05-16T03:12:10.554-05:00  INFO 16028 --- [comunired-backend] [ngodb.net:27017] org.mongodb.driver.cluster               : Monitor thread successfully connected to server with description ServerDescription{address=cluster0-shard-00-00.iihdu.mongodb.net:27017, type=REPLICA_SET_SECONDARY, cryptd=false, state=CONNECTED, ok=true, minWireVersion=0, maxWireVersion=25, maxDocumentSize=16777216, logicalSessionTimeoutMinutes=30, roundTripTimeNanos=468854500, minRoundTripTimeNanos=0, setName='atlas-o8697h-shard-0', canonicalAddress=cluster0-shard-00-00.iihdu.mongodb.net:27017, hosts=[cluster0-shard-00-00.iihdu.mongodb.net:27017, cluster0-shard-00-01.iihdu.mongodb.net:27017, cluster0-shard-00-02.iihdu.mongodb.net:27017], passives=[], arbiters=[], primary='cluster0-shard-00-01.iihdu.mongodb.net:27017', tagSet=TagSet{[Tag{name='availabilityZone', value='sae1-az1'}, Tag{name='cacheState', value='READY'}, Tag{name='diskState', value='READY'}, Tag{name='nodeType', value='ELECTABLE'}, Tag{name='provider', value='AWS'}, Tag{name='region', value='SA_EAST_1'}, Tag{name='workloadType', value='OPERATIONAL'}]}, electionId=null, setVersion=31, topologyVersion=TopologyVersion{processId=69ff78fc051a04e6e5c6b7b9, counter=4}, lastWriteDate=Sat May 16 03:12:10 PET 2026, lastUpdateTimeNanos=196770312757900}
2026-05-16T03:12:10.563-05:00  INFO 16028 --- [comunired-backend] [ngodb.net:27017] org.mongodb.driver.cluster               : Discovered replica set primary cluster0-shard-00-01.iihdu.mongodb.net:27017 with max election id 7fffffff000000000000009c and max set version 31
2026-05-16T03:12:11.072-05:00  INFO 16028 --- [comunired-backend] [           main] efaultSchemaResourceGraphQlSourceBuilder : Loaded 7 resource(s) in the GraphQL schema.
2026-05-16T03:12:11.436-05:00  INFO 16028 --- [comunired-backend] [           main] o.s.b.a.g.GraphQlAutoConfiguration       : GraphQL schema inspection:
	Unmapped fields: {ConversacionPage=[content, totalElements, totalPages, number], MensajePage=[content, totalElements, totalPages, number], NotificacionPage=[content, totalElements, totalPages, number], Usuario=[dni, numero_telefono, sexo, distrito, codigo_postal, direccion, email, rol_id, fecha_nacimiento, fecha_registro, ultimaActividad], Categoria=[activo], Estados_queja=[descripcion, orden], Queja=[evidence, asignacion_actual], ReactionCounts=[like, love, wow, helpful, dislike, report], Comentarios=[queja_id, usuario_id, fecha_actualizacion, eliminado, eliminado_por_id, razon_eliminacion, fecha_eliminacion, author, queja, aprobado_por, fecha_aprobacion, rechazado, rechazado_por, razon_rechazo, fecha_rechazo], SeguimientoPage=[content, totalElements, totalPages, number], Mutation=[crearQueja, actualizarQueja, eliminarQueja, clasificarRiesgo, cambiarEstadoQueja]}
	Unmapped registrations: {}
	Unmapped arguments: {}
	Skipped types: []
2026-05-16T03:12:11.873-05:00  INFO 16028 --- [comunired-backend] [           main] s.b.a.g.s.GraphQlWebMvcAutoConfiguration : GraphQL endpoint HTTP POST /graphql
2026-05-16T03:12:12.072-05:00  INFO 16028 --- [comunired-backend] [           main] s.b.a.g.s.GraphQlWebMvcAutoConfiguration : GraphQL endpoint WebSocket /graphql
2026-05-16T03:12:12.212-05:00  INFO 16028 --- [comunired-backend] [           main] o.s.b.w.embedded.tomcat.TomcatWebServer  : Tomcat started on port 8080 (http) with context path '/'
2026-05-16T03:12:12.223-05:00  INFO 16028 --- [comunired-backend] [           main] c.comunired.ComuniredBackendApplication  : Started ComuniredBackendApplication in 6.422 seconds (process running for 6.954)
2026-05-16T03:17:45.528-05:00  INFO 16028 --- [comunired-backend] [nio-8080-exec-9] o.a.c.c.C.[Tomcat].[localhost].[/]       : Initializing Spring DispatcherServlet 'dispatcherServlet'
2026-05-16T03:17:45.528-05:00  INFO 16028 --- [comunired-backend] [nio-8080-exec-9] o.s.web.servlet.DispatcherServlet        : Initializing Servlet 'dispatcherServlet'
2026-05-16T03:17:45.532-05:00  INFO 16028 --- [comunired-backend] [nio-8080-exec-9] o.s.web.servlet.DispatcherServlet        : Completed initialization in 3 ms
2026-05-16T03:17:46.254-05:00  INFO 16028 --- [comunired-backend] [nio-8080-exec-2] c.c.u.a.service.UsuariosService          : Obteniendo usuarios: page=0, size=1
2026-05-16T03:17:46.254-05:00  INFO 16028 --- [comunired-backend] [nio-8080-exec-1] c.c.u.a.service.UsuariosService          : Obteniendo usuarios: page=0, size=1
2026-05-16T03:17:47.525-05:00  INFO 16028 --- [comunired-backend] [nio-8080-exec-6] c.c.u.a.service.UsuariosService          : Buscando usuario por id: 68ce4256c1fe67197af20b94
2026-05-16T03:17:48.034-05:00  INFO 16028 --- [comunired-backend] [nio-8080-exec-5] c.c.u.a.service.UsuariosService          : Buscando usuario por id: 6934677e0eee01ae9ccce1ce
2026-05-16T03:17:48.041-05:00  INFO 16028 --- [comunired-backend] [nio-8080-exec-7] c.c.u.a.service.UsuariosService          : Buscando usuario por id: 6918ca2efb3985beec2c6054
2026-05-16T03:17:48.041-05:00  INFO 16028 --- [comunired-backend] [nio-8080-exec-4] c.c.u.a.service.UsuariosService          : Buscando usuario por id: 69fd6482486a48c6d148c965
2026-05-16T03:17:48.050-05:00  INFO 16028 --- [comunired-backend] [nio-8080-exec-1] c.c.u.a.service.UsuariosService          : Buscando usuario por id: 69fd72b4486a48c6d148c970
2026-05-16T03:17:48.055-05:00  INFO 16028 --- [comunired-backend] [io-8080-exec-10] c.c.u.a.service.UsuariosService          : Buscando usuario por id: 69fd65b3486a48c6d148c96b
2026-05-16T03:17:48.153-05:00  INFO 16028 --- [comunired-backend] [nio-8080-exec-1] c.c.u.a.service.UsuariosService          : Buscando usuario por id: 69fd76c6486a48c6d148c979
2026-05-16T03:17:48.163-05:00  INFO 16028 --- [comunired-backend] [io-8080-exec-12] c.c.u.a.service.UsuariosService          : Buscando usuario por id: 69fd7478486a48c6d148c975
[INFO] ------------------------------------------------------------------------
[INFO] BUILD FAILURE
[INFO] ------------------------------------------------------------------------
[INFO] Total time:  11:10 min
[INFO] Finished at: 2026-05-16T03:23:07-05:00
[INFO] ------------------------------------------------------------------------
[ERROR] Failed to execute goal org.springframework.boot:spring-boot-maven-plugin:3.5.5:run (default-cli) on project comunired-backend: Process terminated with exit code: -1 -> [Help 1]
[ERROR] 
[ERROR] To see the full stack trace of the errors, re-run Maven with the -e switch.
[ERROR] Re-run Maven using the -X switch to enable full debug logging.
[ERROR] 
[ERROR] For more information about the errors and possible solutions, please read the following articles:
[ERROR] [Help 1] http://cwiki.apache.org/confluence/display/MAVEN/MojoExecutionException
